[07-Dec-2022 22:41:36 UTC] PHP Warning:  An unexpected error occurred. Something may be wrong with WordPress.org or this server&#8217;s configuration. If you continue to have problems, please try the <a href="https://wordpress.org/support/forums/">support forums</a>. (WordPress could not establish a secure connection to WordPress.org. Please contact your server administrator.) in /home/admin25052022/LocalSites/imobiliaria-ap-1/app/public/wp-includes/update.php on line 410
[07-Dec-2022 22:41:36 UTC] PHP Stack trace:
[07-Dec-2022 22:41:36 UTC] PHP   1. {main}() /home/admin25052022/LocalSites/imobiliaria-ap-1/app/public/wp-cron.php:0
[07-Dec-2022 22:41:36 UTC] PHP   2. do_action_ref_array($hook_name = 'wp_update_plugins', $args = []) /home/admin25052022/LocalSites/imobiliaria-ap-1/app/public/wp-cron.php:138
[07-Dec-2022 22:41:36 UTC] PHP   3. WP_Hook->do_action($args = []) /home/admin25052022/LocalSites/imobiliaria-ap-1/app/public/wp-includes/plugin.php:524
[07-Dec-2022 22:41:36 UTC] PHP   4. WP_Hook->apply_filters($value = '', $args = []) /home/admin25052022/LocalSites/imobiliaria-ap-1/app/public/wp-includes/class-wp-hook.php:331
[07-Dec-2022 22:41:36 UTC] PHP   5. wp_update_plugins($extra_stats = *uninitialized*) /home/admin25052022/LocalSites/imobiliaria-ap-1/app/public/wp-includes/class-wp-hook.php:307
[07-Dec-2022 22:41:36 UTC] PHP   6. trigger_error($message = 'An unexpected error occurred. Something may be wrong with WordPress.org or this server&#8217;s configuration. If you continue to have problems, please try the <a href="https://wordpress.org/support/forums/">support forums</a>. (WordPress could not establish a secure connection to WordPress.org. Please contact your server administrator.)', $error_type = 512) /home/admin25052022/LocalSites/imobiliaria-ap-1/app/public/wp-includes/update.php:410
[07-Dec-2022 22:41:37 UTC] PHP Warning:  An unexpected error occurred. Something may be wrong with WordPress.org or this server&#8217;s configuration. If you continue to have problems, please try the <a href="https://wordpress.org/support/forums/">support forums</a>. (WordPress could not establish a secure connection to WordPress.org. Please contact your server administrator.) in /home/admin25052022/LocalSites/imobiliaria-ap-1/app/public/wp-includes/update.php on line 690
[07-Dec-2022 22:41:37 UTC] PHP Stack trace:
[07-Dec-2022 22:41:37 UTC] PHP   1. {main}() /home/admin25052022/LocalSites/imobiliaria-ap-1/app/public/wp-cron.php:0
[07-Dec-2022 22:41:37 UTC] PHP   2. do_action_ref_array($hook_name = 'wp_update_themes', $args = []) /home/admin25052022/LocalSites/imobiliaria-ap-1/app/public/wp-cron.php:138
[07-Dec-2022 22:41:37 UTC] PHP   3. WP_Hook->do_action($args = []) /home/admin25052022/LocalSites/imobiliaria-ap-1/app/public/wp-includes/plugin.php:524
[07-Dec-2022 22:41:37 UTC] PHP   4. WP_Hook->apply_filters($value = '', $args = []) /home/admin25052022/LocalSites/imobiliaria-ap-1/app/public/wp-includes/class-wp-hook.php:331
[07-Dec-2022 22:41:37 UTC] PHP   5. wp_update_themes($extra_stats = *uninitialized*) /home/admin25052022/LocalSites/imobiliaria-ap-1/app/public/wp-includes/class-wp-hook.php:307
[07-Dec-2022 22:41:37 UTC] PHP   6. trigger_error($message = 'An unexpected error occurred. Something may be wrong with WordPress.org or this server&#8217;s configuration. If you continue to have problems, please try the <a href="https://wordpress.org/support/forums/">support forums</a>. (WordPress could not establish a secure connection to WordPress.org. Please contact your server administrator.)', $error_type = 512) /home/admin25052022/LocalSites/imobiliaria-ap-1/app/public/wp-includes/update.php:690
[08-Dec-2022 11:31:25 UTC] PHP Warning:  PHP Startup: Unable to load dynamic library '/opt/Local/resources/extraResources/lightning-services/php-7.4.1+18/bin/linux/lib/php/extensions/no-debug-non-zts-20190902/imagick.so' (tried: /opt/Local/resources/extraResources/lightning-services/php-7.4.1+18/bin/linux/lib/php/extensions/no-debug-non-zts-20190902/imagick.so (/opt/Local/resources/extraResources/lightning-services/php-7.4.1+18/bin/linux/lib/php/extensions/no-debug-non-zts-20190902/imagick.so: cannot open shared object file: No such file or directory), /home/vsts/work/_temp/local-lightning-php/php-7.4.30/build/lib/php/extensions/no-debug-non-zts-20190902//opt/Local/resources/extraResources/lightning-services/php-7.4.1+18/bin/linux/lib/php/extensions/no-debug-non-zts-20190902/imagick.so.so (/home/vsts/work/_temp/local-lightning-php/php-7.4.30/build/lib/php/extensions/no-debug-non-zts-20190902//opt/Local/resources/extraResources/lightning-services/php-7.4.1+18/bin/linux/lib/php/extensions/no-debug-non-zts-20190902/imagick.so.so: cannot open shared obj in Unknown on line 0
[08-Dec-2022 11:31:26 UTC] PHP Warning:  PHP Startup: Unable to load dynamic library '/opt/Local/resources/extraResources/lightning-services/php-7.4.1+18/bin/linux/lib/php/extensions/no-debug-non-zts-20190902/imagick.so' (tried: /opt/Local/resources/extraResources/lightning-services/php-7.4.1+18/bin/linux/lib/php/extensions/no-debug-non-zts-20190902/imagick.so (/opt/Local/resources/extraResources/lightning-services/php-7.4.1+18/bin/linux/lib/php/extensions/no-debug-non-zts-20190902/imagick.so: cannot open shared object file: No such file or directory), /home/vsts/work/_temp/local-lightning-php/php-7.4.30/build/lib/php/extensions/no-debug-non-zts-20190902//opt/Local/resources/extraResources/lightning-services/php-7.4.1+18/bin/linux/lib/php/extensions/no-debug-non-zts-20190902/imagick.so.so (/home/vsts/work/_temp/local-lightning-php/php-7.4.30/build/lib/php/extensions/no-debug-non-zts-20190902//opt/Local/resources/extraResources/lightning-services/php-7.4.1+18/bin/linux/lib/php/extensions/no-debug-non-zts-20190902/imagick.so.so: cannot open shared obj in Unknown on line 0
[08-Dec-2022 11:31:29 UTC] PHP Warning:  PHP Startup: Unable to load dynamic library '/opt/Local/resources/extraResources/lightning-services/php-7.4.1+18/bin/linux/lib/php/extensions/no-debug-non-zts-20190902/imagick.so' (tried: /opt/Local/resources/extraResources/lightning-services/php-7.4.1+18/bin/linux/lib/php/extensions/no-debug-non-zts-20190902/imagick.so (/opt/Local/resources/extraResources/lightning-services/php-7.4.1+18/bin/linux/lib/php/extensions/no-debug-non-zts-20190902/imagick.so: cannot open shared object file: No such file or directory), /home/vsts/work/_temp/local-lightning-php/php-7.4.30/build/lib/php/extensions/no-debug-non-zts-20190902//opt/Local/resources/extraResources/lightning-services/php-7.4.1+18/bin/linux/lib/php/extensions/no-debug-non-zts-20190902/imagick.so.so (/home/vsts/work/_temp/local-lightning-php/php-7.4.30/build/lib/php/extensions/no-debug-non-zts-20190902//opt/Local/resources/extraResources/lightning-services/php-7.4.1+18/bin/linux/lib/php/extensions/no-debug-non-zts-20190902/imagick.so.so: cannot open shared obj in Unknown on line 0
[08-Dec-2022 11:31:29 UTC] PHP Warning:  PHP Startup: Unable to load dynamic library '/opt/Local/resources/extraResources/lightning-services/php-7.4.1+18/bin/linux/lib/php/extensions/no-debug-non-zts-20190902/imagick.so' (tried: /opt/Local/resources/extraResources/lightning-services/php-7.4.1+18/bin/linux/lib/php/extensions/no-debug-non-zts-20190902/imagick.so (/opt/Local/resources/extraResources/lightning-services/php-7.4.1+18/bin/linux/lib/php/extensions/no-debug-non-zts-20190902/imagick.so: cannot open shared object file: No such file or directory), /home/vsts/work/_temp/local-lightning-php/php-7.4.30/build/lib/php/extensions/no-debug-non-zts-20190902//opt/Local/resources/extraResources/lightning-services/php-7.4.1+18/bin/linux/lib/php/extensions/no-debug-non-zts-20190902/imagick.so.so (/home/vsts/work/_temp/local-lightning-php/php-7.4.30/build/lib/php/extensions/no-debug-non-zts-20190902//opt/Local/resources/extraResources/lightning-services/php-7.4.1+18/bin/linux/lib/php/extensions/no-debug-non-zts-20190902/imagick.so.so: cannot open shared obj in Unknown on line 0
[08-Dec-2022 11:31:30 UTC] Xdebug: [Step Debug] Could not connect to debugging client. Tried: localhost:9003 (fallback through xdebug.client_host/xdebug.client_port) :-(
[08-Dec-2022 11:31:30 UTC] Xdebug: [Step Debug] Could not connect to debugging client. Tried: localhost:9003 (fallback through xdebug.client_host/xdebug.client_port) :-(
[08-Dec-2022 11:31:30 UTC] Xdebug: [Step Debug] Could not connect to debugging client. Tried: localhost:9003 (fallback through xdebug.client_host/xdebug.client_port) :-(
[08-Dec-2022 11:31:30 UTC] Xdebug: [Step Debug] Could not connect to debugging client. Tried: localhost:9003 (fallback through xdebug.client_host/xdebug.client_port) :-(
[08-Dec-2022 11:31:31 UTC] Xdebug: [Step Debug] Could not connect to debugging client. Tried: localhost:9003 (fallback through xdebug.client_host/xdebug.client_port) :-(
[08-Dec-2022 11:31:31 UTC] Xdebug: [Step Debug] Could not connect to debugging client. Tried: localhost:9003 (fallback through xdebug.client_host/xdebug.client_port) :-(
[08-Dec-2022 11:31:44 UTC] Xdebug: [Step Debug] Could not connect to debugging client. Tried: ::1:9003 (from HTTP_X_FORWARDED_FOR HTTP header), localhost:9003 (fallback through xdebug.client_host/xdebug.client_port) :-(
[08-Dec-2022 11:31:44 UTC] Xdebug: [Step Debug] Could not connect to debugging client. Tried: ::1:9003 (from HTTP_X_FORWARDED_FOR HTTP header), localhost:9003 (fallback through xdebug.client_host/xdebug.client_port) :-(
[08-Dec-2022 11:31:44 UTC] Xdebug: [Step Debug] Could not connect to debugging client. Tried: ::1:9003 (from HTTP_X_FORWARDED_FOR HTTP header), localhost:9003 (fallback through xdebug.client_host/xdebug.client_port) :-(
[08-Dec-2022 11:31:44 UTC] Xdebug: [Step Debug] Could not connect to debugging client. Tried: ::1:9003 (from HTTP_X_FORWARDED_FOR HTTP header), localhost:9003 (fallback through xdebug.client_host/xdebug.client_port) :-(
[08-Dec-2022 11:31:47 UTC] Xdebug: [Step Debug] Could not connect to debugging client. Tried: ::1:9003 (from HTTP_X_FORWARDED_FOR HTTP header), localhost:9003 (fallback through xdebug.client_host/xdebug.client_port) :-(
[08-Dec-2022 11:31:47 UTC] Xdebug: [Step Debug] Could not connect to debugging client. Tried: ::1:9003 (from HTTP_X_FORWARDED_FOR HTTP header), localhost:9003 (fallback through xdebug.client_host/xdebug.client_port) :-(
[08-Dec-2022 11:31:47 UTC] Xdebug: [Step Debug] Could not connect to debugging client. Tried: 127.0.0.1:9003 (from HTTP_X_FORWARDED_FOR HTTP header), localhost:9003 (fallback through xdebug.client_host/xdebug.client_port) :-(
[08-Dec-2022 11:31:47 UTC] Xdebug: [Step Debug] Could not connect to debugging client. Tried: 127.0.0.1:9003 (from HTTP_X_FORWARDED_FOR HTTP header), localhost:9003 (fallback through xdebug.client_host/xdebug.client_port) :-(
[08-Dec-2022 11:31:49 UTC] Xdebug: [Step Debug] Could not connect to debugging client. Tried: 127.0.0.1:9003 (from HTTP_X_FORWARDED_FOR HTTP header), localhost:9003 (fallback through xdebug.client_host/xdebug.client_port) :-(
[08-Dec-2022 11:31:49 UTC] Xdebug: [Step Debug] Could not connect to debugging client. Tried: 127.0.0.1:9003 (from HTTP_X_FORWARDED_FOR HTTP header), localhost:9003 (fallback through xdebug.client_host/xdebug.client_port) :-(
[08-Dec-2022 11:32:12 UTC] Xdebug: [Step Debug] Could not connect to debugging client. Tried: ::1:9003 (from HTTP_X_FORWARDED_FOR HTTP header), localhost:9003 (fallback through xdebug.client_host/xdebug.client_port) :-(
[08-Dec-2022 11:32:12 UTC] Xdebug: [Step Debug] Could not connect to debugging client. Tried: ::1:9003 (from HTTP_X_FORWARDED_FOR HTTP header), localhost:9003 (fallback through xdebug.client_host/xdebug.client_port) :-(
[08-Dec-2022 11:32:13 UTC] Xdebug: [Step Debug] Could not connect to debugging client. Tried: ::1:9003 (from HTTP_X_FORWARDED_FOR HTTP header), localhost:9003 (fallback through xdebug.client_host/xdebug.client_port) :-(
[08-Dec-2022 11:32:13 UTC] Xdebug: [Step Debug] Could not connect to debugging client. Tried: ::1:9003 (from HTTP_X_FORWARDED_FOR HTTP header), localhost:9003 (fallback through xdebug.client_host/xdebug.client_port) :-(
[08-Dec-2022 11:32:13 UTC] Xdebug: [Step Debug] Could not connect to debugging client. Tried: ::1:9003 (from HTTP_X_FORWARDED_FOR HTTP header), localhost:9003 (fallback through xdebug.client_host/xdebug.client_port) :-(
[08-Dec-2022 11:32:13 UTC] Xdebug: [Step Debug] Could not connect to debugging client. Tried: ::1:9003 (from HTTP_X_FORWARDED_FOR HTTP header), localhost:9003 (fallback through xdebug.client_host/xdebug.client_port) :-(
[08-Dec-2022 11:40:06 UTC] Xdebug: [Step Debug] Could not connect to debugging client. Tried: localhost:9003 (fallback through xdebug.client_host/xdebug.client_port) :-(
[08-Dec-2022 11:40:06 UTC] Xdebug: [Step Debug] Could not connect to debugging client. Tried: localhost:9003 (fallback through xdebug.client_host/xdebug.client_port) :-(
[08-Dec-2022 11:40:06 UTC] Xdebug: [Step Debug] Could not connect to debugging client. Tried: localhost:9003 (fallback through xdebug.client_host/xdebug.client_port) :-(
[08-Dec-2022 11:40:06 UTC] Xdebug: [Step Debug] Could not connect to debugging client. Tried: localhost:9003 (fallback through xdebug.client_host/xdebug.client_port) :-(
[08-Dec-2022 11:40:06 UTC] Xdebug: [Step Debug] Could not connect to debugging client. Tried: localhost:9003 (fallback through xdebug.client_host/xdebug.client_port) :-(
[08-Dec-2022 11:40:06 UTC] Xdebug: [Step Debug] Could not connect to debugging client. Tried: localhost:9003 (fallback through xdebug.client_host/xdebug.client_port) :-(
[08-Dec-2022 11:40:07 UTC] Xdebug: [Step Debug] Could not connect to debugging client. Tried: localhost:9003 (fallback through xdebug.client_host/xdebug.client_port) :-(
[08-Dec-2022 11:40:07 UTC] Xdebug: [Step Debug] Could not connect to debugging client. Tried: localhost:9003 (fallback through xdebug.client_host/xdebug.client_port) :-(
[08-Dec-2022 11:40:07 UTC] Xdebug: [Step Debug] Could not connect to debugging client. Tried: localhost:9003 (fallback through xdebug.client_host/xdebug.client_port) :-(
[08-Dec-2022 11:40:07 UTC] Xdebug: [Step Debug] Could not connect to debugging client. Tried: localhost:9003 (fallback through xdebug.client_host/xdebug.client_port) :-(
[08-Dec-2022 11:40:09 UTC] Xdebug: [Step Debug] Could not connect to debugging client. Tried: localhost:9003 (fallback through xdebug.client_host/xdebug.client_port) :-(
[08-Dec-2022 11:40:10 UTC] Xdebug: [Step Debug] Could not connect to debugging client. Tried: localhost:9003 (fallback through xdebug.client_host/xdebug.client_port) :-(
[08-Dec-2022 11:40:10 UTC] Xdebug: [Step Debug] Could not connect to debugging client. Tried: localhost:9003 (fallback through xdebug.client_host/xdebug.client_port) :-(
[08-Dec-2022 11:40:10 UTC] Xdebug: [Step Debug] Could not connect to debugging client. Tried: localhost:9003 (fallback through xdebug.client_host/xdebug.client_port) :-(
[08-Dec-2022 11:40:10 UTC] Xdebug: [Step Debug] Could not connect to debugging client. Tried: localhost:9003 (fallback through xdebug.client_host/xdebug.client_port) :-(
[08-Dec-2022 11:40:10 UTC] Xdebug: [Step Debug] Could not connect to debugging client. Tried: localhost:9003 (fallback through xdebug.client_host/xdebug.client_port) :-(
[08-Dec-2022 11:40:10 UTC] Xdebug: [Step Debug] Could not connect to debugging client. Tried: localhost:9003 (fallback through xdebug.client_host/xdebug.client_port) :-(
[08-Dec-2022 11:40:10 UTC] Xdebug: [Step Debug] Could not connect to debugging client. Tried: localhost:9003 (fallback through xdebug.client_host/xdebug.client_port) :-(
[08-Dec-2022 11:40:11 UTC] Xdebug: [Step Debug] Could not connect to debugging client. Tried: localhost:9003 (fallback through xdebug.client_host/xdebug.client_port) :-(
[08-Dec-2022 11:40:11 UTC] Xdebug: [Step Debug] Could not connect to debugging client. Tried: localhost:9003 (fallback through xdebug.client_host/xdebug.client_port) :-(
[08-Dec-2022 11:40:16 UTC] Xdebug: [Step Debug] Could not connect to debugging client. Tried: localhost:9003 (fallback through xdebug.client_host/xdebug.client_port) :-(
[08-Dec-2022 11:40:16 UTC] Xdebug: [Step Debug] Could not connect to debugging client. Tried: localhost:9003 (fallback through xdebug.client_host/xdebug.client_port) :-(
[08-Dec-2022 11:40:16 UTC] Xdebug: [Step Debug] Could not connect to debugging client. Tried: localhost:9003 (fallback through xdebug.client_host/xdebug.client_port) :-(
[08-Dec-2022 11:40:16 UTC] Xdebug: [Step Debug] Could not connect to debugging client. Tried: localhost:9003 (fallback through xdebug.client_host/xdebug.client_port) :-(
[08-Dec-2022 11:40:16 UTC] Xdebug: [Step Debug] Could not connect to debugging client. Tried: localhost:9003 (fallback through xdebug.client_host/xdebug.client_port) :-(
[08-Dec-2022 11:40:16 UTC] Xdebug: [Step Debug] Could not connect to debugging client. Tried: localhost:9003 (fallback through xdebug.client_host/xdebug.client_port) :-(
[08-Dec-2022 11:40:16 UTC] Xdebug: [Step Debug] Could not connect to debugging client. Tried: localhost:9003 (fallback through xdebug.client_host/xdebug.client_port) :-(
[08-Dec-2022 11:40:16 UTC] Xdebug: [Step Debug] Could not connect to debugging client. Tried: localhost:9003 (fallback through xdebug.client_host/xdebug.client_port) :-(
[08-Dec-2022 11:40:17 UTC] Xdebug: [Step Debug] Could not connect to debugging client. Tried: localhost:9003 (fallback through xdebug.client_host/xdebug.client_port) :-(
[08-Dec-2022 11:40:17 UTC] Xdebug: [Step Debug] Could not connect to debugging client. Tried: localhost:9003 (fallback through xdebug.client_host/xdebug.client_port) :-(
[12-Dec-2022 12:38:40 UTC] Xdebug: [Step Debug] Could not connect to debugging client. Tried: localhost:9003 (fallback through xdebug.client_host/xdebug.client_port) :-(
[12-Dec-2022 12:38:40 UTC] Xdebug: [Step Debug] Could not connect to debugging client. Tried: localhost:9003 (fallback through xdebug.client_host/xdebug.client_port) :-(
[12-Dec-2022 12:38:40 UTC] Xdebug: [Step Debug] Could not connect to debugging client. Tried: localhost:9003 (fallback through xdebug.client_host/xdebug.client_port) :-(
[12-Dec-2022 12:38:40 UTC] Xdebug: [Step Debug] Could not connect to debugging client. Tried: localhost:9003 (fallback through xdebug.client_host/xdebug.client_port) :-(
[12-Dec-2022 12:38:52 UTC] Xdebug: [Step Debug] Could not connect to debugging client. Tried: localhost:9003 (fallback through xdebug.client_host/xdebug.client_port) :-(
[12-Dec-2022 12:38:52 UTC] Xdebug: [Step Debug] Could not connect to debugging client. Tried: localhost:9003 (fallback through xdebug.client_host/xdebug.client_port) :-(
[12-Dec-2022 12:38:52 UTC] Xdebug: [Step Debug] Could not connect to debugging client. Tried: localhost:9003 (fallback through xdebug.client_host/xdebug.client_port) :-(
[12-Dec-2022 12:38:52 UTC] Xdebug: [Step Debug] Could not connect to debugging client. Tried: localhost:9003 (fallback through xdebug.client_host/xdebug.client_port) :-(
[12-Dec-2022 12:39:00 UTC] Xdebug: [Step Debug] Could not connect to debugging client. Tried: localhost:9003 (fallback through xdebug.client_host/xdebug.client_port) :-(
[12-Dec-2022 12:39:00 UTC] Xdebug: [Step Debug] Could not connect to debugging client. Tried: localhost:9003 (fallback through xdebug.client_host/xdebug.client_port) :-(
[12-Dec-2022 12:39:00 UTC] Xdebug: [Step Debug] Could not connect to debugging client. Tried: localhost:9003 (fallback through xdebug.client_host/xdebug.client_port) :-(
[12-Dec-2022 12:39:00 UTC] Xdebug: [Step Debug] Could not connect to debugging client. Tried: localhost:9003 (fallback through xdebug.client_host/xdebug.client_port) :-(
[12-Dec-2022 12:39:02 UTC] Xdebug: [Step Debug] Could not connect to debugging client. Tried: localhost:9003 (fallback through xdebug.client_host/xdebug.client_port) :-(
[12-Dec-2022 12:39:02 UTC] Xdebug: [Step Debug] Could not connect to debugging client. Tried: localhost:9003 (fallback through xdebug.client_host/xdebug.client_port) :-(
[12-Dec-2022 12:39:02 UTC] Xdebug: [Step Debug] Could not connect to debugging client. Tried: localhost:9003 (fallback through xdebug.client_host/xdebug.client_port) :-(
[12-Dec-2022 12:39:02 UTC] Xdebug: [Step Debug] Could not connect to debugging client. Tried: localhost:9003 (fallback through xdebug.client_host/xdebug.client_port) :-(
[12-Dec-2022 12:39:03 UTC] Xdebug: [Step Debug] Could not connect to debugging client. Tried: localhost:9003 (fallback through xdebug.client_host/xdebug.client_port) :-(
[12-Dec-2022 12:39:03 UTC] Xdebug: [Step Debug] Could not connect to debugging client. Tried: localhost:9003 (fallback through xdebug.client_host/xdebug.client_port) :-(
[12-Dec-2022 12:39:03 UTC] Xdebug: [Step Debug] Could not connect to debugging client. Tried: localhost:9003 (fallback through xdebug.client_host/xdebug.client_port) :-(
[12-Dec-2022 12:39:03 UTC] Xdebug: [Step Debug] Could not connect to debugging client. Tried: localhost:9003 (fallback through xdebug.client_host/xdebug.client_port) :-(
[12-Dec-2022 12:39:03 UTC] Xdebug: [Step Debug] Could not connect to debugging client. Tried: localhost:9003 (fallback through xdebug.client_host/xdebug.client_port) :-(
[12-Dec-2022 12:39:03 UTC] Xdebug: [Step Debug] Could not connect to debugging client. Tried: localhost:9003 (fallback through xdebug.client_host/xdebug.client_port) :-(
[12-Dec-2022 12:39:03 UTC] Xdebug: [Step Debug] Could not connect to debugging client. Tried: localhost:9003 (fallback through xdebug.client_host/xdebug.client_port) :-(
[12-Dec-2022 12:39:03 UTC] Xdebug: [Step Debug] Could not connect to debugging client. Tried: localhost:9003 (fallback through xdebug.client_host/xdebug.client_port) :-(
[12-Dec-2022 12:40:50 UTC] Xdebug: [Step Debug] Could not connect to debugging client. Tried: ::1:9003 (from HTTP_X_FORWARDED_FOR HTTP header), localhost:9003 (fallback through xdebug.client_host/xdebug.client_port) :-(
[12-Dec-2022 12:40:50 UTC] Xdebug: [Step Debug] Could not connect to debugging client. Tried: ::1:9003 (from HTTP_X_FORWARDED_FOR HTTP header), localhost:9003 (fallback through xdebug.client_host/xdebug.client_port) :-(
[12-Dec-2022 12:40:53 UTC] Xdebug: [Step Debug] Could not connect to debugging client. Tried: ::1:9003 (from HTTP_X_FORWARDED_FOR HTTP header), localhost:9003 (fallback through xdebug.client_host/xdebug.client_port) :-(
[12-Dec-2022 12:40:53 UTC] Xdebug: [Step Debug] Could not connect to debugging client. Tried: ::1:9003 (from HTTP_X_FORWARDED_FOR HTTP header), localhost:9003 (fallback through xdebug.client_host/xdebug.client_port) :-(
[12-Dec-2022 12:40:55 UTC] Xdebug: [Step Debug] Could not connect to debugging client. Tried: ::1:9003 (from HTTP_X_FORWARDED_FOR HTTP header), localhost:9003 (fallback through xdebug.client_host/xdebug.client_port) :-(
[12-Dec-2022 12:40:55 UTC] Xdebug: [Step Debug] Could not connect to debugging client. Tried: ::1:9003 (from HTTP_X_FORWARDED_FOR HTTP header), localhost:9003 (fallback through xdebug.client_host/xdebug.client_port) :-(
[12-Dec-2022 12:40:55 UTC] Xdebug: [Step Debug] Could not connect to debugging client. Tried: ::1:9003 (from HTTP_X_FORWARDED_FOR HTTP header), localhost:9003 (fallback through xdebug.client_host/xdebug.client_port) :-(
[12-Dec-2022 12:40:55 UTC] Xdebug: [Step Debug] Could not connect to debugging client. Tried: ::1:9003 (from HTTP_X_FORWARDED_FOR HTTP header), localhost:9003 (fallback through xdebug.client_host/xdebug.client_port) :-(
[12-Dec-2022 12:40:58 UTC] Xdebug: [Step Debug] Could not connect to debugging client. Tried: ::1:9003 (from HTTP_X_FORWARDED_FOR HTTP header), localhost:9003 (fallback through xdebug.client_host/xdebug.client_port) :-(
[12-Dec-2022 12:40:58 UTC] Xdebug: [Step Debug] Could not connect to debugging client. Tried: ::1:9003 (from HTTP_X_FORWARDED_FOR HTTP header), localhost:9003 (fallback through xdebug.client_host/xdebug.client_port) :-(
[12-Dec-2022 12:40:58 UTC] Xdebug: [Step Debug] Could not connect to debugging client. Tried: 127.0.0.1:9003 (from HTTP_X_FORWARDED_FOR HTTP header), localhost:9003 (fallback through xdebug.client_host/xdebug.client_port) :-(
[12-Dec-2022 12:40:58 UTC] Xdebug: [Step Debug] Could not connect to debugging client. Tried: 127.0.0.1:9003 (from HTTP_X_FORWARDED_FOR HTTP header), localhost:9003 (fallback through xdebug.client_host/xdebug.client_port) :-(
[12-Dec-2022 12:40:59 UTC] Xdebug: [Step Debug] Could not connect to debugging client. Tried: 127.0.0.1:9003 (from HTTP_X_FORWARDED_FOR HTTP header), localhost:9003 (fallback through xdebug.client_host/xdebug.client_port) :-(
[12-Dec-2022 12:40:59 UTC] Xdebug: [Step Debug] Could not connect to debugging client. Tried: 127.0.0.1:9003 (from HTTP_X_FORWARDED_FOR HTTP header), localhost:9003 (fallback through xdebug.client_host/xdebug.client_port) :-(
[12-Dec-2022 12:41:11 UTC] Xdebug: [Step Debug] Could not connect to debugging client. Tried: localhost:9003 (fallback through xdebug.client_host/xdebug.client_port) :-(
[12-Dec-2022 12:41:11 UTC] Xdebug: [Step Debug] Could not connect to debugging client. Tried: localhost:9003 (fallback through xdebug.client_host/xdebug.client_port) :-(
[12-Dec-2022 12:41:11 UTC] Xdebug: [Step Debug] Could not connect to debugging client. Tried: localhost:9003 (fallback through xdebug.client_host/xdebug.client_port) :-(
[12-Dec-2022 12:41:11 UTC] Xdebug: [Step Debug] Could not connect to debugging client. Tried: localhost:9003 (fallback through xdebug.client_host/xdebug.client_port) :-(
[12-Dec-2022 12:41:11 UTC] Xdebug: [Step Debug] Could not connect to debugging client. Tried: localhost:9003 (fallback through xdebug.client_host/xdebug.client_port) :-(
[12-Dec-2022 12:41:11 UTC] Xdebug: [Step Debug] Could not connect to debugging client. Tried: localhost:9003 (fallback through xdebug.client_host/xdebug.client_port) :-(
[12-Dec-2022 12:41:11 UTC] Xdebug: [Step Debug] Could not connect to debugging client. Tried: localhost:9003 (fallback through xdebug.client_host/xdebug.client_port) :-(
[12-Dec-2022 12:41:11 UTC] Xdebug: [Step Debug] Could not connect to debugging client. Tried: localhost:9003 (fallback through xdebug.client_host/xdebug.client_port) :-(
[12-Dec-2022 12:41:12 UTC] Xdebug: [Step Debug] Could not connect to debugging client. Tried: localhost:9003 (fallback through xdebug.client_host/xdebug.client_port) :-(
[12-Dec-2022 12:41:12 UTC] Xdebug: [Step Debug] Could not connect to debugging client. Tried: localhost:9003 (fallback through xdebug.client_host/xdebug.client_port) :-(
[12-Dec-2022 12:41:16 UTC] Xdebug: [Step Debug] Could not connect to debugging client. Tried: ::1:9003 (from HTTP_X_FORWARDED_FOR HTTP header), localhost:9003 (fallback through xdebug.client_host/xdebug.client_port) :-(
[12-Dec-2022 12:41:16 UTC] Xdebug: [Step Debug] Could not connect to debugging client. Tried: ::1:9003 (from HTTP_X_FORWARDED_FOR HTTP header), localhost:9003 (fallback through xdebug.client_host/xdebug.client_port) :-(
[12-Dec-2022 12:41:33 UTC] Xdebug: [Step Debug] Could not connect to debugging client. Tried: ::1:9003 (from HTTP_X_FORWARDED_FOR HTTP header), localhost:9003 (fallback through xdebug.client_host/xdebug.client_port) :-(
[12-Dec-2022 12:41:33 UTC] Xdebug: [Step Debug] Could not connect to debugging client. Tried: ::1:9003 (from HTTP_X_FORWARDED_FOR HTTP header), localhost:9003 (fallback through xdebug.client_host/xdebug.client_port) :-(
[12-Dec-2022 12:41:33 UTC] Xdebug: [Step Debug] Could not connect to debugging client. Tried: ::1:9003 (from HTTP_X_FORWARDED_FOR HTTP header), localhost:9003 (fallback through xdebug.client_host/xdebug.client_port) :-(
[12-Dec-2022 12:41:33 UTC] Xdebug: [Step Debug] Could not connect to debugging client. Tried: ::1:9003 (from HTTP_X_FORWARDED_FOR HTTP header), localhost:9003 (fallback through xdebug.client_host/xdebug.client_port) :-(
[12-Dec-2022 12:41:33 UTC] Xdebug: [Step Debug] Could not connect to debugging client. Tried: ::1:9003 (from HTTP_X_FORWARDED_FOR HTTP header), localhost:9003 (fallback through xdebug.client_host/xdebug.client_port) :-(
[12-Dec-2022 12:41:34 UTC] Xdebug: [Step Debug] Could not connect to debugging client. Tried: ::1:9003 (from HTTP_X_FORWARDED_FOR HTTP header), localhost:9003 (fallback through xdebug.client_host/xdebug.client_port) :-(
[12-Dec-2022 12:41:34 UTC] Xdebug: [Step Debug] Could not connect to debugging client. Tried: ::1:9003 (from HTTP_X_FORWARDED_FOR HTTP header), localhost:9003 (fallback through xdebug.client_host/xdebug.client_port) :-(
[12-Dec-2022 12:41:34 UTC] Xdebug: [Step Debug] Could not connect to debugging client. Tried: ::1:9003 (from HTTP_X_FORWARDED_FOR HTTP header), localhost:9003 (fallback through xdebug.client_host/xdebug.client_port) :-(
[12-Dec-2022 12:41:41 UTC] Xdebug: [Step Debug] Could not connect to debugging client. Tried: ::1:9003 (from HTTP_X_FORWARDED_FOR HTTP header), localhost:9003 (fallback through xdebug.client_host/xdebug.client_port) :-(
[12-Dec-2022 12:41:41 UTC] Xdebug: [Step Debug] Could not connect to debugging client. Tried: ::1:9003 (from HTTP_X_FORWARDED_FOR HTTP header), localhost:9003 (fallback through xdebug.client_host/xdebug.client_port) :-(
[12-Dec-2022 12:41:42 UTC] Xdebug: [Step Debug] Could not connect to debugging client. Tried: ::1:9003 (from HTTP_X_FORWARDED_FOR HTTP header), localhost:9003 (fallback through xdebug.client_host/xdebug.client_port) :-(
[12-Dec-2022 12:41:42 UTC] Xdebug: [Step Debug] Could not connect to debugging client. Tried: ::1:9003 (from HTTP_X_FORWARDED_FOR HTTP header), localhost:9003 (fallback through xdebug.client_host/xdebug.client_port) :-(
[12-Dec-2022 12:41:44 UTC] Xdebug: [Step Debug] Could not connect to debugging client. Tried: ::1:9003 (from HTTP_X_FORWARDED_FOR HTTP header), localhost:9003 (fallback through xdebug.client_host/xdebug.client_port) :-(
[12-Dec-2022 12:41:44 UTC] Xdebug: [Step Debug] Could not connect to debugging client. Tried: ::1:9003 (from HTTP_X_FORWARDED_FOR HTTP header), localhost:9003 (fallback through xdebug.client_host/xdebug.client_port) :-(
[12-Dec-2022 12:41:44 UTC] Xdebug: [Step Debug] Could not connect to debugging client. Tried: ::1:9003 (from HTTP_X_FORWARDED_FOR HTTP header), localhost:9003 (fallback through xdebug.client_host/xdebug.client_port) :-(
[12-Dec-2022 12:41:44 UTC] Xdebug: [Step Debug] Could not connect to debugging client. Tried: ::1:9003 (from HTTP_X_FORWARDED_FOR HTTP header), localhost:9003 (fallback through xdebug.client_host/xdebug.client_port) :-(
[12-Dec-2022 12:41:44 UTC] Xdebug: [Step Debug] Could not connect to debugging client. Tried: ::1:9003 (from HTTP_X_FORWARDED_FOR HTTP header), localhost:9003 (fallback through xdebug.client_host/xdebug.client_port) :-(
[12-Dec-2022 12:41:44 UTC] Xdebug: [Step Debug] Could not connect to debugging client. Tried: ::1:9003 (from HTTP_X_FORWARDED_FOR HTTP header), localhost:9003 (fallback through xdebug.client_host/xdebug.client_port) :-(
[12-Dec-2022 12:41:44 UTC] Xdebug: [Step Debug] Could not connect to debugging client. Tried: ::1:9003 (from HTTP_X_FORWARDED_FOR HTTP header), localhost:9003 (fallback through xdebug.client_host/xdebug.client_port) :-(
[12-Dec-2022 12:41:44 UTC] Xdebug: [Step Debug] Could not connect to debugging client. Tried: ::1:9003 (from HTTP_X_FORWARDED_FOR HTTP header), localhost:9003 (fallback through xdebug.client_host/xdebug.client_port) :-(
[12-Dec-2022 12:41:45 UTC] Xdebug: [Step Debug] Could not connect to debugging client. Tried: ::1:9003 (from HTTP_X_FORWARDED_FOR HTTP header), localhost:9003 (fallback through xdebug.client_host/xdebug.client_port) :-(
[12-Dec-2022 12:41:45 UTC] Xdebug: [Step Debug] Could not connect to debugging client. Tried: ::1:9003 (from HTTP_X_FORWARDED_FOR HTTP header), localhost:9003 (fallback through xdebug.client_host/xdebug.client_port) :-(
[12-Dec-2022 12:41:45 UTC] Xdebug: [Step Debug] Could not connect to debugging client. Tried: ::1:9003 (from HTTP_X_FORWARDED_FOR HTTP header), localhost:9003 (fallback through xdebug.client_host/xdebug.client_port) :-(
[12-Dec-2022 12:41:45 UTC] Xdebug: [Step Debug] Could not connect to debugging client. Tried: ::1:9003 (from HTTP_X_FORWARDED_FOR HTTP header), localhost:9003 (fallback through xdebug.client_host/xdebug.client_port) :-(
[12-Dec-2022 12:41:46 UTC] Xdebug: [Step Debug] Could not connect to debugging client. Tried: ::1:9003 (from HTTP_X_FORWARDED_FOR HTTP header), localhost:9003 (fallback through xdebug.client_host/xdebug.client_port) :-(
[12-Dec-2022 12:41:46 UTC] Xdebug: [Step Debug] Could not connect to debugging client. Tried: ::1:9003 (from HTTP_X_FORWARDED_FOR HTTP header), localhost:9003 (fallback through xdebug.client_host/xdebug.client_port) :-(
[12-Dec-2022 12:41:46 UTC] Xdebug: [Step Debug] Could not connect to debugging client. Tried: ::1:9003 (from HTTP_X_FORWARDED_FOR HTTP header), localhost:9003 (fallback through xdebug.client_host/xdebug.client_port) :-(
[12-Dec-2022 12:41:46 UTC] Xdebug: [Step Debug] Could not connect to debugging client. Tried: ::1:9003 (from HTTP_X_FORWARDED_FOR HTTP header), localhost:9003 (fallback through xdebug.client_host/xdebug.client_port) :-(
[12-Dec-2022 12:41:47 UTC] Xdebug: [Step Debug] Could not connect to debugging client. Tried: ::1:9003 (from HTTP_X_FORWARDED_FOR HTTP header), localhost:9003 (fallback through xdebug.client_host/xdebug.client_port) :-(
[12-Dec-2022 12:41:47 UTC] Xdebug: [Step Debug] Could not connect to debugging client. Tried: ::1:9003 (from HTTP_X_FORWARDED_FOR HTTP header), localhost:9003 (fallback through xdebug.client_host/xdebug.client_port) :-(
[12-Dec-2022 12:41:47 UTC] Xdebug: [Step Debug] Could not connect to debugging client. Tried: ::1:9003 (from HTTP_X_FORWARDED_FOR HTTP header), localhost:9003 (fallback through xdebug.client_host/xdebug.client_port) :-(
[12-Dec-2022 12:41:47 UTC] Xdebug: [Step Debug] Could not connect to debugging client. Tried: ::1:9003 (from HTTP_X_FORWARDED_FOR HTTP header), localhost:9003 (fallback through xdebug.client_host/xdebug.client_port) :-(
[12-Dec-2022 12:41:49 UTC] Xdebug: [Step Debug] Could not connect to debugging client. Tried: ::1:9003 (from HTTP_X_FORWARDED_FOR HTTP header), localhost:9003 (fallback through xdebug.client_host/xdebug.client_port) :-(
[12-Dec-2022 12:41:49 UTC] Xdebug: [Step Debug] Could not connect to debugging client. Tried: ::1:9003 (from HTTP_X_FORWARDED_FOR HTTP header), localhost:9003 (fallback through xdebug.client_host/xdebug.client_port) :-(
[12-Dec-2022 12:41:51 UTC] Xdebug: [Step Debug] Could not connect to debugging client. Tried: ::1:9003 (from HTTP_X_FORWARDED_FOR HTTP header), localhost:9003 (fallback through xdebug.client_host/xdebug.client_port) :-(
[12-Dec-2022 12:41:51 UTC] Xdebug: [Step Debug] Could not connect to debugging client. Tried: ::1:9003 (from HTTP_X_FORWARDED_FOR HTTP header), localhost:9003 (fallback through xdebug.client_host/xdebug.client_port) :-(
[12-Dec-2022 12:41:51 UTC] Xdebug: [Step Debug] Could not connect to debugging client. Tried: ::1:9003 (from HTTP_X_FORWARDED_FOR HTTP header), localhost:9003 (fallback through xdebug.client_host/xdebug.client_port) :-(
[12-Dec-2022 12:41:51 UTC] Xdebug: [Step Debug] Could not connect to debugging client. Tried: ::1:9003 (from HTTP_X_FORWARDED_FOR HTTP header), localhost:9003 (fallback through xdebug.client_host/xdebug.client_port) :-(
[12-Dec-2022 12:41:51 UTC] Xdebug: [Step Debug] Could not connect to debugging client. Tried: ::1:9003 (from HTTP_X_FORWARDED_FOR HTTP header), localhost:9003 (fallback through xdebug.client_host/xdebug.client_port) :-(
[12-Dec-2022 12:41:51 UTC] Xdebug: [Step Debug] Could not connect to debugging client. Tried: ::1:9003 (from HTTP_X_FORWARDED_FOR HTTP header), localhost:9003 (fallback through xdebug.client_host/xdebug.client_port) :-(
[12-Dec-2022 12:41:51 UTC] Xdebug: [Step Debug] Could not connect to debugging client. Tried: ::1:9003 (from HTTP_X_FORWARDED_FOR HTTP header), localhost:9003 (fallback through xdebug.client_host/xdebug.client_port) :-(
[12-Dec-2022 12:41:51 UTC] Xdebug: [Step Debug] Could not connect to debugging client. Tried: ::1:9003 (from HTTP_X_FORWARDED_FOR HTTP header), localhost:9003 (fallback through xdebug.client_host/xdebug.client_port) :-(
[12-Dec-2022 12:42:53 UTC] Xdebug: [Step Debug] Could not connect to debugging client. Tried: ::1:9003 (from HTTP_X_FORWARDED_FOR HTTP header), localhost:9003 (fallback through xdebug.client_host/xdebug.client_port) :-(
[12-Dec-2022 12:42:53 UTC] Xdebug: [Step Debug] Could not connect to debugging client. Tried: ::1:9003 (from HTTP_X_FORWARDED_FOR HTTP header), localhost:9003 (fallback through xdebug.client_host/xdebug.client_port) :-(
[12-Dec-2022 12:42:53 UTC] Xdebug: [Step Debug] Could not connect to debugging client. Tried: ::1:9003 (from HTTP_X_FORWARDED_FOR HTTP header), localhost:9003 (fallback through xdebug.client_host/xdebug.client_port) :-(
[12-Dec-2022 12:42:53 UTC] Xdebug: [Step Debug] Could not connect to debugging client. Tried: ::1:9003 (from HTTP_X_FORWARDED_FOR HTTP header), localhost:9003 (fallback through xdebug.client_host/xdebug.client_port) :-(
[12-Dec-2022 12:42:59 UTC] Xdebug: [Step Debug] Could not connect to debugging client. Tried: ::1:9003 (from HTTP_X_FORWARDED_FOR HTTP header), localhost:9003 (fallback through xdebug.client_host/xdebug.client_port) :-(
[12-Dec-2022 12:42:59 UTC] Xdebug: [Step Debug] Could not connect to debugging client. Tried: ::1:9003 (from HTTP_X_FORWARDED_FOR HTTP header), localhost:9003 (fallback through xdebug.client_host/xdebug.client_port) :-(
[12-Dec-2022 12:43:21 UTC] Xdebug: [Step Debug] Could not connect to debugging client. Tried: ::1:9003 (from HTTP_X_FORWARDED_FOR HTTP header), localhost:9003 (fallback through xdebug.client_host/xdebug.client_port) :-(
[12-Dec-2022 12:43:21 UTC] Xdebug: [Step Debug] Could not connect to debugging client. Tried: ::1:9003 (from HTTP_X_FORWARDED_FOR HTTP header), localhost:9003 (fallback through xdebug.client_host/xdebug.client_port) :-(
[12-Dec-2022 12:43:24 UTC] Xdebug: [Step Debug] Could not connect to debugging client. Tried: ::1:9003 (from HTTP_X_FORWARDED_FOR HTTP header), localhost:9003 (fallback through xdebug.client_host/xdebug.client_port) :-(
[12-Dec-2022 12:43:24 UTC] Xdebug: [Step Debug] Could not connect to debugging client. Tried: ::1:9003 (from HTTP_X_FORWARDED_FOR HTTP header), localhost:9003 (fallback through xdebug.client_host/xdebug.client_port) :-(
[12-Dec-2022 12:43:28 UTC] Xdebug: [Step Debug] Could not connect to debugging client. Tried: 127.0.0.1:9003 (from HTTP_X_FORWARDED_FOR HTTP header), localhost:9003 (fallback through xdebug.client_host/xdebug.client_port) :-(
[12-Dec-2022 12:43:28 UTC] Xdebug: [Step Debug] Could not connect to debugging client. Tried: 127.0.0.1:9003 (from HTTP_X_FORWARDED_FOR HTTP header), localhost:9003 (fallback through xdebug.client_host/xdebug.client_port) :-(
[12-Dec-2022 12:43:29 UTC] Xdebug: [Step Debug] Could not connect to debugging client. Tried: 127.0.0.1:9003 (from HTTP_X_FORWARDED_FOR HTTP header), localhost:9003 (fallback through xdebug.client_host/xdebug.client_port) :-(
[12-Dec-2022 12:43:29 UTC] Xdebug: [Step Debug] Could not connect to debugging client. Tried: 127.0.0.1:9003 (from HTTP_X_FORWARDED_FOR HTTP header), localhost:9003 (fallback through xdebug.client_host/xdebug.client_port) :-(
[12-Dec-2022 12:43:29 UTC] Xdebug: [Step Debug] Could not connect to debugging client. Tried: 127.0.0.1:9003 (from HTTP_X_FORWARDED_FOR HTTP header), localhost:9003 (fallback through xdebug.client_host/xdebug.client_port) :-(
[12-Dec-2022 12:43:29 UTC] Xdebug: [Step Debug] Could not connect to debugging client. Tried: 127.0.0.1:9003 (from HTTP_X_FORWARDED_FOR HTTP header), localhost:9003 (fallback through xdebug.client_host/xdebug.client_port) :-(
[12-Dec-2022 12:43:29 UTC] Xdebug: [Step Debug] Could not connect to debugging client. Tried: 127.0.0.1:9003 (from HTTP_X_FORWARDED_FOR HTTP header), localhost:9003 (fallback through xdebug.client_host/xdebug.client_port) :-(
[12-Dec-2022 12:43:29 UTC] Xdebug: [Step Debug] Could not connect to debugging client. Tried: 127.0.0.1:9003 (from HTTP_X_FORWARDED_FOR HTTP header), localhost:9003 (fallback through xdebug.client_host/xdebug.client_port) :-(
[12-Dec-2022 12:43:35 UTC] Xdebug: [Step Debug] Could not connect to debugging client. Tried: 127.0.0.1:9003 (from HTTP_X_FORWARDED_FOR HTTP header), localhost:9003 (fallback through xdebug.client_host/xdebug.client_port) :-(
[12-Dec-2022 12:43:35 UTC] Xdebug: [Step Debug] Could not connect to debugging client. Tried: 127.0.0.1:9003 (from HTTP_X_FORWARDED_FOR HTTP header), localhost:9003 (fallback through xdebug.client_host/xdebug.client_port) :-(
[12-Dec-2022 12:43:35 UTC] Xdebug: [Step Debug] Could not connect to debugging client. Tried: 127.0.0.1:9003 (from HTTP_X_FORWARDED_FOR HTTP header), localhost:9003 (fallback through xdebug.client_host/xdebug.client_port) :-(
[12-Dec-2022 12:43:35 UTC] Xdebug: [Step Debug] Could not connect to debugging client. Tried: 127.0.0.1:9003 (from HTTP_X_FORWARDED_FOR HTTP header), localhost:9003 (fallback through xdebug.client_host/xdebug.client_port) :-(
[12-Dec-2022 12:43:36 UTC] Xdebug: [Step Debug] Could not connect to debugging client. Tried: 127.0.0.1:9003 (from HTTP_X_FORWARDED_FOR HTTP header), localhost:9003 (fallback through xdebug.client_host/xdebug.client_port) :-(
[12-Dec-2022 12:43:36 UTC] Xdebug: [Step Debug] Could not connect to debugging client. Tried: 127.0.0.1:9003 (from HTTP_X_FORWARDED_FOR HTTP header), localhost:9003 (fallback through xdebug.client_host/xdebug.client_port) :-(
[12-Dec-2022 12:43:36 UTC] Xdebug: [Step Debug] Could not connect to debugging client. Tried: 127.0.0.1:9003 (from HTTP_X_FORWARDED_FOR HTTP header), localhost:9003 (fallback through xdebug.client_host/xdebug.client_port) :-(
[12-Dec-2022 12:43:36 UTC] Xdebug: [Step Debug] Could not connect to debugging client. Tried: 127.0.0.1:9003 (from HTTP_X_FORWARDED_FOR HTTP header), localhost:9003 (fallback through xdebug.client_host/xdebug.client_port) :-(
[12-Dec-2022 12:43:36 UTC] Xdebug: [Step Debug] Could not connect to debugging client. Tried: 127.0.0.1:9003 (from HTTP_X_FORWARDED_FOR HTTP header), localhost:9003 (fallback through xdebug.client_host/xdebug.client_port) :-(
[12-Dec-2022 12:43:36 UTC] Xdebug: [Step Debug] Could not connect to debugging client. Tried: 127.0.0.1:9003 (from HTTP_X_FORWARDED_FOR HTTP header), localhost:9003 (fallback through xdebug.client_host/xdebug.client_port) :-(
[12-Dec-2022 12:43:36 UTC] Xdebug: [Step Debug] Could not connect to debugging client. Tried: 127.0.0.1:9003 (from HTTP_X_FORWARDED_FOR HTTP header), localhost:9003 (fallback through xdebug.client_host/xdebug.client_port) :-(
[12-Dec-2022 12:43:36 UTC] Xdebug: [Step Debug] Could not connect to debugging client. Tried: 127.0.0.1:9003 (from HTTP_X_FORWARDED_FOR HTTP header), localhost:9003 (fallback through xdebug.client_host/xdebug.client_port) :-(
[12-Dec-2022 12:44:08 UTC] Xdebug: [Step Debug] Could not connect to debugging client. Tried: 127.0.0.1:9003 (from HTTP_X_FORWARDED_FOR HTTP header), localhost:9003 (fallback through xdebug.client_host/xdebug.client_port) :-(
[12-Dec-2022 12:44:08 UTC] Xdebug: [Step Debug] Could not connect to debugging client. Tried: 127.0.0.1:9003 (from HTTP_X_FORWARDED_FOR HTTP header), localhost:9003 (fallback through xdebug.client_host/xdebug.client_port) :-(
[12-Dec-2022 12:44:09 UTC] Xdebug: [Step Debug] Could not connect to debugging client. Tried: 127.0.0.1:9003 (from HTTP_X_FORWARDED_FOR HTTP header), localhost:9003 (fallback through xdebug.client_host/xdebug.client_port) :-(
[12-Dec-2022 12:44:09 UTC] Xdebug: [Step Debug] Could not connect to debugging client. Tried: 127.0.0.1:9003 (from HTTP_X_FORWARDED_FOR HTTP header), localhost:9003 (fallback through xdebug.client_host/xdebug.client_port) :-(
[12-Dec-2022 12:44:20 UTC] Xdebug: [Step Debug] Could not connect to debugging client. Tried: 127.0.0.1:9003 (from HTTP_X_FORWARDED_FOR HTTP header), localhost:9003 (fallback through xdebug.client_host/xdebug.client_port) :-(
[12-Dec-2022 12:44:20 UTC] Xdebug: [Step Debug] Could not connect to debugging client. Tried: 127.0.0.1:9003 (from HTTP_X_FORWARDED_FOR HTTP header), localhost:9003 (fallback through xdebug.client_host/xdebug.client_port) :-(
[12-Dec-2022 12:44:23 UTC] Xdebug: [Step Debug] Could not connect to debugging client. Tried: 127.0.0.1:9003 (from HTTP_X_FORWARDED_FOR HTTP header), localhost:9003 (fallback through xdebug.client_host/xdebug.client_port) :-(
[12-Dec-2022 12:44:23 UTC] Xdebug: [Step Debug] Could not connect to debugging client. Tried: 127.0.0.1:9003 (from HTTP_X_FORWARDED_FOR HTTP header), localhost:9003 (fallback through xdebug.client_host/xdebug.client_port) :-(
[12-Dec-2022 12:44:23 UTC] Xdebug: [Step Debug] Could not connect to debugging client. Tried: 127.0.0.1:9003 (from HTTP_X_FORWARDED_FOR HTTP header), localhost:9003 (fallback through xdebug.client_host/xdebug.client_port) :-(
[12-Dec-2022 12:44:23 UTC] Xdebug: [Step Debug] Could not connect to debugging client. Tried: 127.0.0.1:9003 (from HTTP_X_FORWARDED_FOR HTTP header), localhost:9003 (fallback through xdebug.client_host/xdebug.client_port) :-(
[12-Dec-2022 12:44:41 UTC] Xdebug: [Step Debug] Could not connect to debugging client. Tried: 127.0.0.1:9003 (from HTTP_X_FORWARDED_FOR HTTP header), localhost:9003 (fallback through xdebug.client_host/xdebug.client_port) :-(
[12-Dec-2022 12:44:41 UTC] Xdebug: [Step Debug] Could not connect to debugging client. Tried: 127.0.0.1:9003 (from HTTP_X_FORWARDED_FOR HTTP header), localhost:9003 (fallback through xdebug.client_host/xdebug.client_port) :-(
[12-Dec-2022 12:44:42 UTC] Xdebug: [Step Debug] Could not connect to debugging client. Tried: 127.0.0.1:9003 (from HTTP_X_FORWARDED_FOR HTTP header), localhost:9003 (fallback through xdebug.client_host/xdebug.client_port) :-(
[12-Dec-2022 12:44:42 UTC] Xdebug: [Step Debug] Could not connect to debugging client. Tried: 127.0.0.1:9003 (from HTTP_X_FORWARDED_FOR HTTP header), localhost:9003 (fallback through xdebug.client_host/xdebug.client_port) :-(
[12-Dec-2022 12:44:53 UTC] Xdebug: [Step Debug] Could not connect to debugging client. Tried: 127.0.0.1:9003 (from HTTP_X_FORWARDED_FOR HTTP header), localhost:9003 (fallback through xdebug.client_host/xdebug.client_port) :-(
[12-Dec-2022 12:44:53 UTC] Xdebug: [Step Debug] Could not connect to debugging client. Tried: 127.0.0.1:9003 (from HTTP_X_FORWARDED_FOR HTTP header), localhost:9003 (fallback through xdebug.client_host/xdebug.client_port) :-(
[12-Dec-2022 12:44:54 UTC] Xdebug: [Step Debug] Could not connect to debugging client. Tried: 127.0.0.1:9003 (from HTTP_X_FORWARDED_FOR HTTP header), localhost:9003 (fallback through xdebug.client_host/xdebug.client_port) :-(
[12-Dec-2022 12:44:54 UTC] Xdebug: [Step Debug] Could not connect to debugging client. Tried: 127.0.0.1:9003 (from HTTP_X_FORWARDED_FOR HTTP header), localhost:9003 (fallback through xdebug.client_host/xdebug.client_port) :-(
[12-Dec-2022 12:44:55 UTC] Xdebug: [Step Debug] Could not connect to debugging client. Tried: 127.0.0.1:9003 (from HTTP_X_FORWARDED_FOR HTTP header), localhost:9003 (fallback through xdebug.client_host/xdebug.client_port) :-(
[12-Dec-2022 12:44:55 UTC] Xdebug: [Step Debug] Could not connect to debugging client. Tried: 127.0.0.1:9003 (from HTTP_X_FORWARDED_FOR HTTP header), localhost:9003 (fallback through xdebug.client_host/xdebug.client_port) :-(
[12-Dec-2022 12:45:00 UTC] Xdebug: [Step Debug] Could not connect to debugging client. Tried: 127.0.0.1:9003 (from HTTP_X_FORWARDED_FOR HTTP header), localhost:9003 (fallback through xdebug.client_host/xdebug.client_port) :-(
[12-Dec-2022 12:45:00 UTC] Xdebug: [Step Debug] Could not connect to debugging client. Tried: 127.0.0.1:9003 (from HTTP_X_FORWARDED_FOR HTTP header), localhost:9003 (fallback through xdebug.client_host/xdebug.client_port) :-(
[12-Dec-2022 12:45:04 UTC] Xdebug: [Step Debug] Could not connect to debugging client. Tried: 127.0.0.1:9003 (from HTTP_X_FORWARDED_FOR HTTP header), localhost:9003 (fallback through xdebug.client_host/xdebug.client_port) :-(
[12-Dec-2022 12:45:04 UTC] Xdebug: [Step Debug] Could not connect to debugging client. Tried: 127.0.0.1:9003 (from HTTP_X_FORWARDED_FOR HTTP header), localhost:9003 (fallback through xdebug.client_host/xdebug.client_port) :-(
[12-Dec-2022 12:45:08 UTC] Xdebug: [Step Debug] Could not connect to debugging client. Tried: 127.0.0.1:9003 (from HTTP_X_FORWARDED_FOR HTTP header), localhost:9003 (fallback through xdebug.client_host/xdebug.client_port) :-(
[12-Dec-2022 12:45:08 UTC] Xdebug: [Step Debug] Could not connect to debugging client. Tried: 127.0.0.1:9003 (from HTTP_X_FORWARDED_FOR HTTP header), localhost:9003 (fallback through xdebug.client_host/xdebug.client_port) :-(
[12-Dec-2022 12:45:21 UTC] Xdebug: [Step Debug] Could not connect to debugging client. Tried: 127.0.0.1:9003 (from HTTP_X_FORWARDED_FOR HTTP header), localhost:9003 (fallback through xdebug.client_host/xdebug.client_port) :-(
[12-Dec-2022 12:45:21 UTC] Xdebug: [Step Debug] Could not connect to debugging client. Tried: 127.0.0.1:9003 (from HTTP_X_FORWARDED_FOR HTTP header), localhost:9003 (fallback through xdebug.client_host/xdebug.client_port) :-(
[12-Dec-2022 12:45:22 UTC] Xdebug: [Step Debug] Could not connect to debugging client. Tried: 127.0.0.1:9003 (from HTTP_X_FORWARDED_FOR HTTP header), localhost:9003 (fallback through xdebug.client_host/xdebug.client_port) :-(
[12-Dec-2022 12:45:22 UTC] Xdebug: [Step Debug] Could not connect to debugging client. Tried: 127.0.0.1:9003 (from HTTP_X_FORWARDED_FOR HTTP header), localhost:9003 (fallback through xdebug.client_host/xdebug.client_port) :-(
[12-Dec-2022 12:45:22 UTC] Xdebug: [Step Debug] Could not connect to debugging client. Tried: 127.0.0.1:9003 (from HTTP_X_FORWARDED_FOR HTTP header), localhost:9003 (fallback through xdebug.client_host/xdebug.client_port) :-(
[12-Dec-2022 12:45:22 UTC] Xdebug: [Step Debug] Could not connect to debugging client. Tried: 127.0.0.1:9003 (from HTTP_X_FORWARDED_FOR HTTP header), localhost:9003 (fallback through xdebug.client_host/xdebug.client_port) :-(
[12-Dec-2022 12:45:33 UTC] Xdebug: [Step Debug] Could not connect to debugging client. Tried: 127.0.0.1:9003 (from HTTP_X_FORWARDED_FOR HTTP header), localhost:9003 (fallback through xdebug.client_host/xdebug.client_port) :-(
[12-Dec-2022 12:45:33 UTC] Xdebug: [Step Debug] Could not connect to debugging client. Tried: 127.0.0.1:9003 (from HTTP_X_FORWARDED_FOR HTTP header), localhost:9003 (fallback through xdebug.client_host/xdebug.client_port) :-(
[12-Dec-2022 12:45:33 UTC] Xdebug: [Step Debug] Could not connect to debugging client. Tried: 127.0.0.1:9003 (from HTTP_X_FORWARDED_FOR HTTP header), localhost:9003 (fallback through xdebug.client_host/xdebug.client_port) :-(
[12-Dec-2022 12:45:33 UTC] Xdebug: [Step Debug] Could not connect to debugging client. Tried: 127.0.0.1:9003 (from HTTP_X_FORWARDED_FOR HTTP header), localhost:9003 (fallback through xdebug.client_host/xdebug.client_port) :-(
[12-Dec-2022 12:45:48 UTC] Xdebug: [Step Debug] Could not connect to debugging client. Tried: 127.0.0.1:9003 (from HTTP_X_FORWARDED_FOR HTTP header), localhost:9003 (fallback through xdebug.client_host/xdebug.client_port) :-(
[12-Dec-2022 12:45:48 UTC] Xdebug: [Step Debug] Could not connect to debugging client. Tried: 127.0.0.1:9003 (from HTTP_X_FORWARDED_FOR HTTP header), localhost:9003 (fallback through xdebug.client_host/xdebug.client_port) :-(
[12-Dec-2022 12:45:49 UTC] Xdebug: [Step Debug] Could not connect to debugging client. Tried: 127.0.0.1:9003 (from HTTP_X_FORWARDED_FOR HTTP header), localhost:9003 (fallback through xdebug.client_host/xdebug.client_port) :-(
[12-Dec-2022 12:45:49 UTC] Xdebug: [Step Debug] Could not connect to debugging client. Tried: 127.0.0.1:9003 (from HTTP_X_FORWARDED_FOR HTTP header), localhost:9003 (fallback through xdebug.client_host/xdebug.client_port) :-(
[12-Dec-2022 12:45:54 UTC] Xdebug: [Step Debug] Could not connect to debugging client. Tried: 127.0.0.1:9003 (from HTTP_X_FORWARDED_FOR HTTP header), localhost:9003 (fallback through xdebug.client_host/xdebug.client_port) :-(
[12-Dec-2022 12:45:54 UTC] Xdebug: [Step Debug] Could not connect to debugging client. Tried: 127.0.0.1:9003 (from HTTP_X_FORWARDED_FOR HTTP header), localhost:9003 (fallback through xdebug.client_host/xdebug.client_port) :-(
[12-Dec-2022 12:45:55 UTC] Xdebug: [Step Debug] Could not connect to debugging client. Tried: 127.0.0.1:9003 (from HTTP_X_FORWARDED_FOR HTTP header), localhost:9003 (fallback through xdebug.client_host/xdebug.client_port) :-(
[12-Dec-2022 12:45:55 UTC] Xdebug: [Step Debug] Could not connect to debugging client. Tried: 127.0.0.1:9003 (from HTTP_X_FORWARDED_FOR HTTP header), localhost:9003 (fallback through xdebug.client_host/xdebug.client_port) :-(
[12-Dec-2022 12:46:00 UTC] Xdebug: [Step Debug] Could not connect to debugging client. Tried: 127.0.0.1:9003 (from HTTP_X_FORWARDED_FOR HTTP header), localhost:9003 (fallback through xdebug.client_host/xdebug.client_port) :-(
[12-Dec-2022 12:46:00 UTC] Xdebug: [Step Debug] Could not connect to debugging client. Tried: 127.0.0.1:9003 (from HTTP_X_FORWARDED_FOR HTTP header), localhost:9003 (fallback through xdebug.client_host/xdebug.client_port) :-(
[12-Dec-2022 12:46:01 UTC] Xdebug: [Step Debug] Could not connect to debugging client. Tried: 127.0.0.1:9003 (from HTTP_X_FORWARDED_FOR HTTP header), localhost:9003 (fallback through xdebug.client_host/xdebug.client_port) :-(
[12-Dec-2022 12:46:01 UTC] Xdebug: [Step Debug] Could not connect to debugging client. Tried: 127.0.0.1:9003 (from HTTP_X_FORWARDED_FOR HTTP header), localhost:9003 (fallback through xdebug.client_host/xdebug.client_port) :-(
[12-Dec-2022 12:46:05 UTC] Xdebug: [Step Debug] Could not connect to debugging client. Tried: 127.0.0.1:9003 (from HTTP_X_FORWARDED_FOR HTTP header), localhost:9003 (fallback through xdebug.client_host/xdebug.client_port) :-(
[12-Dec-2022 12:46:05 UTC] Xdebug: [Step Debug] Could not connect to debugging client. Tried: 127.0.0.1:9003 (from HTTP_X_FORWARDED_FOR HTTP header), localhost:9003 (fallback through xdebug.client_host/xdebug.client_port) :-(
[12-Dec-2022 12:46:07 UTC] Xdebug: [Step Debug] Could not connect to debugging client. Tried: 127.0.0.1:9003 (from HTTP_X_FORWARDED_FOR HTTP header), localhost:9003 (fallback through xdebug.client_host/xdebug.client_port) :-(
[12-Dec-2022 12:46:07 UTC] Xdebug: [Step Debug] Could not connect to debugging client. Tried: 127.0.0.1:9003 (from HTTP_X_FORWARDED_FOR HTTP header), localhost:9003 (fallback through xdebug.client_host/xdebug.client_port) :-(
[12-Dec-2022 12:46:13 UTC] Xdebug: [Step Debug] Could not connect to debugging client. Tried: 127.0.0.1:9003 (from HTTP_X_FORWARDED_FOR HTTP header), localhost:9003 (fallback through xdebug.client_host/xdebug.client_port) :-(
[12-Dec-2022 12:46:13 UTC] Xdebug: [Step Debug] Could not connect to debugging client. Tried: 127.0.0.1:9003 (from HTTP_X_FORWARDED_FOR HTTP header), localhost:9003 (fallback through xdebug.client_host/xdebug.client_port) :-(
[12-Dec-2022 12:46:14 UTC] Xdebug: [Step Debug] Could not connect to debugging client. Tried: 127.0.0.1:9003 (from HTTP_X_FORWARDED_FOR HTTP header), localhost:9003 (fallback through xdebug.client_host/xdebug.client_port) :-(
[12-Dec-2022 12:46:14 UTC] Xdebug: [Step Debug] Could not connect to debugging client. Tried: 127.0.0.1:9003 (from HTTP_X_FORWARDED_FOR HTTP header), localhost:9003 (fallback through xdebug.client_host/xdebug.client_port) :-(
[12-Dec-2022 12:47:14 UTC] Xdebug: [Step Debug] Could not connect to debugging client. Tried: 127.0.0.1:9003 (from HTTP_X_FORWARDED_FOR HTTP header), localhost:9003 (fallback through xdebug.client_host/xdebug.client_port) :-(
[12-Dec-2022 12:47:14 UTC] Xdebug: [Step Debug] Could not connect to debugging client. Tried: 127.0.0.1:9003 (from HTTP_X_FORWARDED_FOR HTTP header), localhost:9003 (fallback through xdebug.client_host/xdebug.client_port) :-(
[12-Dec-2022 12:49:14 UTC] Xdebug: [Step Debug] Could not connect to debugging client. Tried: 127.0.0.1:9003 (from HTTP_X_FORWARDED_FOR HTTP header), localhost:9003 (fallback through xdebug.client_host/xdebug.client_port) :-(
[12-Dec-2022 12:49:14 UTC] Xdebug: [Step Debug] Could not connect to debugging client. Tried: 127.0.0.1:9003 (from HTTP_X_FORWARDED_FOR HTTP header), localhost:9003 (fallback through xdebug.client_host/xdebug.client_port) :-(
[12-Dec-2022 12:50:14 UTC] Xdebug: [Step Debug] Could not connect to debugging client. Tried: 127.0.0.1:9003 (from HTTP_X_FORWARDED_FOR HTTP header), localhost:9003 (fallback through xdebug.client_host/xdebug.client_port) :-(
[12-Dec-2022 12:50:14 UTC] Xdebug: [Step Debug] Could not connect to debugging client. Tried: 127.0.0.1:9003 (from HTTP_X_FORWARDED_FOR HTTP header), localhost:9003 (fallback through xdebug.client_host/xdebug.client_port) :-(
[12-Dec-2022 12:52:14 UTC] Xdebug: [Step Debug] Could not connect to debugging client. Tried: 127.0.0.1:9003 (from HTTP_X_FORWARDED_FOR HTTP header), localhost:9003 (fallback through xdebug.client_host/xdebug.client_port) :-(
[12-Dec-2022 12:52:14 UTC] Xdebug: [Step Debug] Could not connect to debugging client. Tried: 127.0.0.1:9003 (from HTTP_X_FORWARDED_FOR HTTP header), localhost:9003 (fallback through xdebug.client_host/xdebug.client_port) :-(
[12-Dec-2022 12:54:14 UTC] Xdebug: [Step Debug] Could not connect to debugging client. Tried: 127.0.0.1:9003 (from HTTP_X_FORWARDED_FOR HTTP header), localhost:9003 (fallback through xdebug.client_host/xdebug.client_port) :-(
[12-Dec-2022 12:54:14 UTC] Xdebug: [Step Debug] Could not connect to debugging client. Tried: 127.0.0.1:9003 (from HTTP_X_FORWARDED_FOR HTTP header), localhost:9003 (fallback through xdebug.client_host/xdebug.client_port) :-(
[12-Dec-2022 12:55:14 UTC] Xdebug: [Step Debug] Could not connect to debugging client. Tried: 127.0.0.1:9003 (from HTTP_X_FORWARDED_FOR HTTP header), localhost:9003 (fallback through xdebug.client_host/xdebug.client_port) :-(
[12-Dec-2022 12:55:14 UTC] Xdebug: [Step Debug] Could not connect to debugging client. Tried: 127.0.0.1:9003 (from HTTP_X_FORWARDED_FOR HTTP header), localhost:9003 (fallback through xdebug.client_host/xdebug.client_port) :-(
[12-Dec-2022 12:55:40 UTC] Xdebug: [Step Debug] Could not connect to debugging client. Tried: localhost:9003 (fallback through xdebug.client_host/xdebug.client_port) :-(
[12-Dec-2022 12:55:40 UTC] Xdebug: [Step Debug] Could not connect to debugging client. Tried: localhost:9003 (fallback through xdebug.client_host/xdebug.client_port) :-(
[12-Dec-2022 12:55:40 UTC] Xdebug: [Step Debug] Could not connect to debugging client. Tried: localhost:9003 (fallback through xdebug.client_host/xdebug.client_port) :-(
[12-Dec-2022 12:55:40 UTC] Xdebug: [Step Debug] Could not connect to debugging client. Tried: localhost:9003 (fallback through xdebug.client_host/xdebug.client_port) :-(
[12-Dec-2022 12:55:40 UTC] Xdebug: [Step Debug] Could not connect to debugging client. Tried: localhost:9003 (fallback through xdebug.client_host/xdebug.client_port) :-(
[12-Dec-2022 12:55:40 UTC] Xdebug: [Step Debug] Could not connect to debugging client. Tried: localhost:9003 (fallback through xdebug.client_host/xdebug.client_port) :-(
[12-Dec-2022 12:55:40 UTC] Xdebug: [Step Debug] Could not connect to debugging client. Tried: localhost:9003 (fallback through xdebug.client_host/xdebug.client_port) :-(
[12-Dec-2022 12:55:40 UTC] Xdebug: [Step Debug] Could not connect to debugging client. Tried: localhost:9003 (fallback through xdebug.client_host/xdebug.client_port) :-(
[12-Dec-2022 12:55:41 UTC] Xdebug: [Step Debug] Could not connect to debugging client. Tried: localhost:9003 (fallback through xdebug.client_host/xdebug.client_port) :-(
[12-Dec-2022 12:55:41 UTC] Xdebug: [Step Debug] Could not connect to debugging client. Tried: localhost:9003 (fallback through xdebug.client_host/xdebug.client_port) :-(
[12-Dec-2022 12:56:15 UTC] Xdebug: [Step Debug] Could not connect to debugging client. Tried: 127.0.0.1:9003 (from HTTP_X_FORWARDED_FOR HTTP header), localhost:9003 (fallback through xdebug.client_host/xdebug.client_port) :-(
[12-Dec-2022 12:56:15 UTC] Xdebug: [Step Debug] Could not connect to debugging client. Tried: 127.0.0.1:9003 (from HTTP_X_FORWARDED_FOR HTTP header), localhost:9003 (fallback through xdebug.client_host/xdebug.client_port) :-(
[12-Dec-2022 12:58:15 UTC] Xdebug: [Step Debug] Could not connect to debugging client. Tried: 127.0.0.1:9003 (from HTTP_X_FORWARDED_FOR HTTP header), localhost:9003 (fallback through xdebug.client_host/xdebug.client_port) :-(
[12-Dec-2022 12:58:15 UTC] Xdebug: [Step Debug] Could not connect to debugging client. Tried: 127.0.0.1:9003 (from HTTP_X_FORWARDED_FOR HTTP header), localhost:9003 (fallback through xdebug.client_host/xdebug.client_port) :-(
[12-Dec-2022 13:00:15 UTC] Xdebug: [Step Debug] Could not connect to debugging client. Tried: 127.0.0.1:9003 (from HTTP_X_FORWARDED_FOR HTTP header), localhost:9003 (fallback through xdebug.client_host/xdebug.client_port) :-(
[12-Dec-2022 13:00:15 UTC] Xdebug: [Step Debug] Could not connect to debugging client. Tried: 127.0.0.1:9003 (from HTTP_X_FORWARDED_FOR HTTP header), localhost:9003 (fallback through xdebug.client_host/xdebug.client_port) :-(
[12-Dec-2022 13:02:15 UTC] Xdebug: [Step Debug] Could not connect to debugging client. Tried: 127.0.0.1:9003 (from HTTP_X_FORWARDED_FOR HTTP header), localhost:9003 (fallback through xdebug.client_host/xdebug.client_port) :-(
[12-Dec-2022 13:02:15 UTC] Xdebug: [Step Debug] Could not connect to debugging client. Tried: 127.0.0.1:9003 (from HTTP_X_FORWARDED_FOR HTTP header), localhost:9003 (fallback through xdebug.client_host/xdebug.client_port) :-(
[12-Dec-2022 13:03:16 UTC] Xdebug: [Step Debug] Could not connect to debugging client. Tried: 127.0.0.1:9003 (from HTTP_X_FORWARDED_FOR HTTP header), localhost:9003 (fallback through xdebug.client_host/xdebug.client_port) :-(
[12-Dec-2022 13:03:16 UTC] Xdebug: [Step Debug] Could not connect to debugging client. Tried: 127.0.0.1:9003 (from HTTP_X_FORWARDED_FOR HTTP header), localhost:9003 (fallback through xdebug.client_host/xdebug.client_port) :-(
[12-Dec-2022 13:05:16 UTC] Xdebug: [Step Debug] Could not connect to debugging client. Tried: 127.0.0.1:9003 (from HTTP_X_FORWARDED_FOR HTTP header), localhost:9003 (fallback through xdebug.client_host/xdebug.client_port) :-(
[12-Dec-2022 13:05:16 UTC] Xdebug: [Step Debug] Could not connect to debugging client. Tried: 127.0.0.1:9003 (from HTTP_X_FORWARDED_FOR HTTP header), localhost:9003 (fallback through xdebug.client_host/xdebug.client_port) :-(
[12-Dec-2022 13:07:16 UTC] Xdebug: [Step Debug] Could not connect to debugging client. Tried: 127.0.0.1:9003 (from HTTP_X_FORWARDED_FOR HTTP header), localhost:9003 (fallback through xdebug.client_host/xdebug.client_port) :-(
[12-Dec-2022 13:07:16 UTC] Xdebug: [Step Debug] Could not connect to debugging client. Tried: 127.0.0.1:9003 (from HTTP_X_FORWARDED_FOR HTTP header), localhost:9003 (fallback through xdebug.client_host/xdebug.client_port) :-(
[12-Dec-2022 13:09:16 UTC] Xdebug: [Step Debug] Could not connect to debugging client. Tried: 127.0.0.1:9003 (from HTTP_X_FORWARDED_FOR HTTP header), localhost:9003 (fallback through xdebug.client_host/xdebug.client_port) :-(
[12-Dec-2022 13:09:16 UTC] Xdebug: [Step Debug] Could not connect to debugging client. Tried: 127.0.0.1:9003 (from HTTP_X_FORWARDED_FOR HTTP header), localhost:9003 (fallback through xdebug.client_host/xdebug.client_port) :-(
[12-Dec-2022 13:11:16 UTC] Xdebug: [Step Debug] Could not connect to debugging client. Tried: 127.0.0.1:9003 (from HTTP_X_FORWARDED_FOR HTTP header), localhost:9003 (fallback through xdebug.client_host/xdebug.client_port) :-(
[12-Dec-2022 13:11:16 UTC] Xdebug: [Step Debug] Could not connect to debugging client. Tried: 127.0.0.1:9003 (from HTTP_X_FORWARDED_FOR HTTP header), localhost:9003 (fallback through xdebug.client_host/xdebug.client_port) :-(
[12-Dec-2022 13:13:16 UTC] Xdebug: [Step Debug] Could not connect to debugging client. Tried: 127.0.0.1:9003 (from HTTP_X_FORWARDED_FOR HTTP header), localhost:9003 (fallback through xdebug.client_host/xdebug.client_port) :-(
[12-Dec-2022 13:13:16 UTC] Xdebug: [Step Debug] Could not connect to debugging client. Tried: 127.0.0.1:9003 (from HTTP_X_FORWARDED_FOR HTTP header), localhost:9003 (fallback through xdebug.client_host/xdebug.client_port) :-(
